{"name": "test_template[/Users/gz/Desktop/project/MSB_api_test/basics_function/../case/all/verity_roomtype.yml-online]", "status": "failed", "statusDetails": {"message": "AssertionError: \n\t错误原因:返回数据校验错误，错误内容:\n\tcase:[]\n\tresponse:null", "trace": "path = '/Users/gz/Desktop/project/MSB_api_test/basics_function/../case/all/verity_roomtype.yml', source = 'online'\n\n    @allure.feature(\"接口测试用例\")\n    @pytest.mark.parametrize(\"path,source\", run_data)\n    def test_template(path, source):\n>       request_api(path, source)\n\nbasics_function/test_template.py:41: \n_ _ _ _ _ _ _ _ _ _ _ _ _ _ _ _ _ _ _ _ _ _ _ _ _ _ _ _ _ _ _ _ _ _ _ _ _ _ _ _ _ _ _ _ _ _ _ _ _ _ _ _ _ _ _ _ _ _ _ _ _ _ _ _ _ _ _ _ _ _ _ _ _ _ _ _ _ _ _ _ _ _ _ _ _ _ _ _ _ _ _ _ _ _ _ _ _ _ _\nbasics_function/test_template.py:28: in request_api\n    result = single_api_tester(path, source)\napi_tester/api_tester.py:92: in single_api_tester\n    a.api_test()\napi_tester/api_tester.py:86: in api_test\n    self.api_assert(response, requests_data)\napi_tester/api_tester.py:63: in api_assert\n    self.inspection_method.fail_list_assert()\n_ _ _ _ _ _ _ _ _ _ _ _ _ _ _ _ _ _ _ _ _ _ _ _ _ _ _ _ _ _ _ _ _ _ _ _ _ _ _ _ _ _ _ _ _ _ _ _ _ _ _ _ _ _ _ _ _ _ _ _ _ _ _ _ _ _ _ _ _ _ _ _ _ _ _ _ _ _ _ _ _ _ _ _ _ _ _ _ _ _ _ _ _ _ _ _ _ _ _\n\nself = <basics_function.Inspection_method.InspectionMethod object at 0x107d88f90>\n\n    def fail_list_assert(self):\n        msg = \"\"\n        if len(self.fail_list) > 0:\n            for fail in self.fail_list:\n                msg = msg + \"\\n\\t错误原因:{}\\n\\t\".format(fail[\"reason\"])\n                if fail[\"case\"] is not None:\n                    msg = msg + \"case:{}\\n\\t\".format(fail[\"case\"])\n                if fail[\"response\"] is not None:\n                    msg = msg + \"response:{}\\n\\t\".format(fail[\"response\"])\n>           assert False, msg\nE           AssertionError: \nE           \t错误原因:返回数据校验错误，错误内容:\nE           \tcase:[]\nE           \tresponse:null\n\nbasics_function/Inspection_method.py:286: AssertionError"}, "parameters": [{"name": "path", "value": "'/Users/gz/Desktop/project/MSB_api_test/basics_function/../case/all/verity_roomtype.yml'"}, {"name": "source", "value": "'online'"}], "start": 1593853972290, "stop": 1593853972525, "uuid": "2f623fe6-2c3a-4eb2-8f3c-42aae4df6e4c", "historyId": "b7236778099c60b4bc605db5e18cbc7f", "testCaseId": "dff8546a7874160ea4cf83b302a4fc2a", "fullName": "basics_function.test_template#test_template", "labels": [{"name": "feature", "value": "接口测试用例"}, {"name": "parentSuite", "value": "basics_function"}, {"name": "suite", "value": "test_template"}, {"name": "host", "value": "MacBook-Pro.local"}, {"name": "thread", "value": "85595-MainThread"}, {"name": "framework", "value": "pytest"}, {"name": "language", "value": "cpython3"}, {"name": "package", "value": "basics_function.test_template"}]}